0 info it worked if it ends with ok
1 verbose cli [ '/usr/bin/node', '/usr/bin/npm', 'i', '--save', 'redus' ]
2 info using npm@1.4.28
3 info using node@v0.10.37
4 verbose node symlink /usr/bin/node
5 verbose readDependencies using package.json deps
6 verbose cache add [ 'redus', null ]
7 verbose cache add name=undefined spec="redus" args=["redus",null]
8 verbose parsed url { protocol: null,
8 verbose parsed url   slashes: null,
8 verbose parsed url   auth: null,
8 verbose parsed url   host: null,
8 verbose parsed url   port: null,
8 verbose parsed url   hostname: null,
8 verbose parsed url   hash: null,
8 verbose parsed url   search: null,
8 verbose parsed url   query: null,
8 verbose parsed url   pathname: 'redus',
8 verbose parsed url   path: 'redus',
8 verbose parsed url   href: 'redus' }
9 silly lockFile 3c05d3e9-redus redus
10 verbose lock redus /home/ubuntu/.npm/3c05d3e9-redus.lock
11 silly lockFile 3c05d3e9-redus redus
12 silly lockFile 3c05d3e9-redus redus
13 verbose addNamed [ 'redus', '' ]
14 verbose addNamed [ null, '*' ]
15 silly lockFile 69f16bd3-redus redus@
16 verbose lock redus@ /home/ubuntu/.npm/69f16bd3-redus.lock
17 silly addNameRange { name: 'redus', range: '*', hasData: false }
18 verbose request where is /redus
19 verbose request registry https://registry.npmjs.org/
20 verbose request id 7870dd4589583a17
21 verbose url raw /redus
22 verbose url resolving [ 'https://registry.npmjs.org/', './redus' ]
23 verbose url resolved https://registry.npmjs.org/redus
24 verbose request where is https://registry.npmjs.org/redus
25 info trying registry request attempt 1 at 07:16:58
26 http GET https://registry.npmjs.org/redus
27 http 404 https://registry.npmjs.org/redus
28 silly registry.get cb [ 404,
28 silly registry.get   { 'content-type': 'application/json',
28 silly registry.get     'cache-control': 'max-age=0',
28 silly registry.get     'content-length': '2',
28 silly registry.get     'accept-ranges': 'bytes',
28 silly registry.get     date: 'Tue, 07 Jun 2016 07:16:57 GMT',
28 silly registry.get     via: '1.1 varnish',
28 silly registry.get     age: '0',
28 silly registry.get     connection: 'keep-alive',
28 silly registry.get     'x-served-by': 'cache-itm7421-ITM',
28 silly registry.get     'x-cache': 'MISS',
28 silly registry.get     'x-cache-hits': '0',
28 silly registry.get     'x-timer': 'S1465283816.880813,VS0,VE151',
28 silly registry.get     vary: 'Accept-Encoding' } ]
29 silly lockFile 69f16bd3-redus redus@
30 silly lockFile 69f16bd3-redus redus@
31 error 404 Not Found
31 error 404
31 error 404 'redus' is not in the npm registry.
31 error 404 You should bug the author to publish it
31 error 404 It was specified as a dependency of 'exp1'
31 error 404
31 error 404 Note that you can also install from a
31 error 404 tarball, folder, or http url, or git url.
32 error System Linux 3.13.0-74-generic
33 error command "/usr/bin/node" "/usr/bin/npm" "i" "--save" "redus"
34 error cwd /home/ubuntu/projects/exp1
35 error node -v v0.10.37
36 error npm -v 1.4.28
37 error code E404
38 verbose exit [ 1, true ]
